<?xml version="1.0" encoding="UTF-8"?>
<!-- Generated by org.testng.reporters.JUnitXMLReporter -->
<testsuite ignored="0" hostname="Amol" failures="0" tests="3" name="Default test" time="0.745" errors="0" timestamp="2022-02-08T16:29:29 IST">
  <testcase classname="com.aipune.testng.basic.TestNGTest" name="testCase1" time="0.096"/>
  <testcase classname="com.aipune.testng.basic.TestNGTest" name="testCase2" time="0.003"/>
  <testcase classname="com.aipune.testng.basic.TestNGTest" name="testCase3" time="0.003"/>
</testsuite> <!-- Default test -->
