<?xml version="1.0" encoding="UTF-8"?>
<!-- Generated by org.testng.reporters.JUnitXMLReporter -->
<testsuite ignored="0" hostname="Amol" failures="0" tests="3" name="Test" time="0.487" errors="0" timestamp="2022-02-27T20:51:34 IST">
  <testcase classname="com.aipune.testng.basic.TestNGTest" name="testCase1" time="0.041"/>
  <testcase classname="com.aipune.testng.basic.TestNGTest" name="testCase2" time="0.012"/>
  <testcase classname="com.aipune.testng.basic.TestNGTest" name="testCase3" time="0.02"/>
</testsuite> <!-- Test -->
