<?xml version="1.0" encoding="UTF-8"?>
<testng-results ignored="0" total="3" passed="3" failed="0" skipped="0">
  <reporter-output>
  </reporter-output>
  <suite started-at="2022-02-27T20:51:33 IST" name="Suite" finished-at="2022-02-27T20:51:33 IST" duration-ms="487">
    <groups>
    </groups>
    <test started-at="2022-02-27T20:51:33 IST" name="Test" finished-at="2022-02-27T20:51:33 IST" duration-ms="487">
      <class name="com.aipune.testng.basic.TestNGTest">
        <test-method signature="testCase1()[pri:0, instance:com.aipune.testng.basic.TestNGTest@4ef37659]" started-at="2022-02-27T20:51:33 IST" name="testCase1" finished-at="2022-02-27T20:51:33 IST" duration-ms="41" status="PASS">
          <reporter-output>
          </reporter-output>
        </test-method> <!-- testCase1 -->
        <test-method signature="testCase2()[pri:0, instance:com.aipune.testng.basic.TestNGTest@4ef37659]" started-at="2022-02-27T20:51:33 IST" name="testCase2" finished-at="2022-02-27T20:51:33 IST" duration-ms="12" status="PASS">
          <reporter-output>
          </reporter-output>
        </test-method> <!-- testCase2 -->
        <test-method signature="testCase3()[pri:0, instance:com.aipune.testng.basic.TestNGTest@4ef37659]" started-at="2022-02-27T20:51:33 IST" name="testCase3" finished-at="2022-02-27T20:51:33 IST" duration-ms="20" status="PASS">
          <reporter-output>
          </reporter-output>
        </test-method> <!-- testCase3 -->
      </class> <!-- com.aipune.testng.basic.TestNGTest -->
    </test> <!-- Test -->
  </suite> <!-- Suite -->
</testng-results>
